15/06/2023 11:42:10 AM: INFO: ************* Test_003_AddCustomer **********
15/06/2023 11:42:13 AM: INFO: ************* Login successful **********
15/06/2023 11:42:13 AM: INFO: ******* Starting Add Customer Test **********
15/06/2023 11:42:15 AM: INFO: ************* Providing customer info **********
15/06/2023 11:43:28 AM: INFO: ************* Test_003_AddCustomer **********
15/06/2023 11:43:31 AM: INFO: ************* Login successful **********
15/06/2023 11:43:31 AM: INFO: ******* Starting Add Customer Test **********
15/06/2023 11:43:33 AM: INFO: ************* Providing customer info **********
15/06/2023 11:43:39 AM: INFO: ************* Saving customer info, email: bu64feoy@gmail.com
15/06/2023 11:43:39 AM: INFO: ********* Add customer validation started *****************
15/06/2023 11:43:39 AM: INFO: ********* Add customer Test Passed *********
15/06/2023 11:43:39 AM: INFO: ******* Ending Add customer test **********
15/06/2023 12:20:41 PM: INFO: ************* Test_003_AddCustomer **********
15/06/2023 12:20:44 PM: INFO: ************* Login successful **********
15/06/2023 12:20:44 PM: INFO: ******* Starting Add Customer Test **********
15/06/2023 12:20:46 PM: INFO: ************* Providing customer info **********
15/06/2023 12:22:48 PM: INFO: ************* Test_003_AddCustomer **********
15/06/2023 12:22:52 PM: INFO: ************* Login successful **********
15/06/2023 12:22:52 PM: INFO: ******* Starting Add Customer Test **********
15/06/2023 12:22:55 PM: INFO: ************* Providing customer info **********
15/06/2023 12:23:01 PM: INFO: ************* Saving customer info, email: 1cdw69x3@gmail.com ************************
15/06/2023 12:23:01 PM: INFO: ********* Add customer validation started *****************
15/06/2023 12:23:01 PM: INFO: ********* Add customer Test Passed *********
15/06/2023 12:23:01 PM: INFO: ******* Ending Add customer test **********
15/06/2023 12:32:57 PM: INFO: ************* Test_003_AddCustomer **********
15/06/2023 12:33:02 PM: INFO: ************* Login successful **********
15/06/2023 12:33:02 PM: INFO: ******* Starting Add Customer Test **********
15/06/2023 12:33:04 PM: INFO: ************* Providing customer info **********
15/06/2023 12:33:11 PM: INFO: ************* Saving customer info, email: 2vc4apkb@gmail.com ************************
15/06/2023 12:33:11 PM: INFO: ********* Add customer validation started *****************
15/06/2023 12:33:11 PM: ERROR: ********* Add customer Test Failed ************
15/06/2023 12:37:11 PM: INFO: ************* Test_003_AddCustomer **********
15/06/2023 12:37:16 PM: INFO: ************* Login successful **********
15/06/2023 12:37:16 PM: INFO: ******* Starting Add Customer Test **********
15/06/2023 12:37:18 PM: INFO: ************* Providing customer info **********
15/06/2023 12:37:24 PM: INFO: ************* Saving customer info, email: es1kuefk@gmail.com ************************
15/06/2023 12:37:24 PM: INFO: ********* Add customer validation started *****************
15/06/2023 12:37:24 PM: ERROR: ********* Add customer Test Failed ************
15/06/2023 12:37:56 PM: INFO: ************* Test_003_AddCustomer **********
15/06/2023 12:38:00 PM: INFO: ************* Login successful **********
15/06/2023 12:38:00 PM: INFO: ******* Starting Add Customer Test **********
15/06/2023 12:38:02 PM: INFO: ************* Providing customer info **********
15/06/2023 12:38:09 PM: INFO: ************* Saving customer info, email: 3fc6bvlq@gmail.com ************************
15/06/2023 12:38:09 PM: INFO: ********* Add customer validation started *****************
15/06/2023 12:38:09 PM: INFO: ********* Add customer Test Passed *********
15/06/2023 12:38:09 PM: INFO: ******* Ending Add customer test **********
15/06/2023 12:57:26 PM: INFO: ************* Test_003_AddCustomer **********
15/06/2023 12:57:29 PM: INFO: ************* Login successful **********
15/06/2023 12:57:29 PM: INFO: ******* Starting Add Customer Test **********
15/06/2023 12:57:31 PM: INFO: ************* Providing customer info **********
15/06/2023 12:58:15 PM: INFO: ************* Test_003_AddCustomer **********
15/06/2023 12:58:18 PM: INFO: ************* Login successful **********
15/06/2023 12:58:18 PM: INFO: ******* Starting Add Customer Test **********
15/06/2023 12:58:20 PM: INFO: ************* Providing customer info **********
15/06/2023 01:00:25 PM: INFO: ************* Test_003_AddCustomer **********
15/06/2023 01:00:30 PM: INFO: ************* Login successful **********
15/06/2023 01:00:30 PM: INFO: ******* Starting Add Customer Test **********
15/06/2023 01:00:32 PM: INFO: ************* Providing customer info **********
15/06/2023 01:06:21 PM: INFO: ************* Test_003_AddCustomer **********
15/06/2023 01:06:26 PM: INFO: ************* Login successful **********
15/06/2023 01:06:26 PM: INFO: ******* Starting Add Customer Test **********
15/06/2023 01:06:27 PM: INFO: ************* Providing customer info **********
15/06/2023 01:06:34 PM: INFO: ************* Saving customer info, email: n8f3ccs0@gmail.com ************************
15/06/2023 01:06:34 PM: INFO: ********* Add customer validation started *****************
15/06/2023 01:06:34 PM: INFO: ********* Add customer Test Passed *********
15/06/2023 01:06:34 PM: INFO: ******* Ending Add customer test **********
15/06/2023 01:06:34 PM: INFO: ******* Searching the email: n8f3ccs0@gmail.com **********
15/06/2023 01:11:02 PM: INFO: ************* Test_003_AddCustomer **********
15/06/2023 01:11:06 PM: INFO: ************* Login successful **********
15/06/2023 01:11:06 PM: INFO: ******* Starting Add Customer Test **********
15/06/2023 01:11:08 PM: INFO: ************* Providing customer info **********
15/06/2023 01:11:14 PM: INFO: ************* Saving customer info, email: 0waietit@gmail.com ************************
15/06/2023 01:11:14 PM: INFO: ********* Add customer validation started *****************
15/06/2023 01:11:14 PM: INFO: ********* Add customer Test Passed *********
15/06/2023 01:11:14 PM: INFO: ******* Ending Add customer test **********
15/06/2023 01:11:14 PM: INFO: ******* Searching the email: 0waietit@gmail.com **********
15/06/2023 01:13:11 PM: INFO: ************* Test_003_AddCustomer **********
15/06/2023 01:13:16 PM: INFO: ************* Login successful **********
15/06/2023 01:13:16 PM: INFO: ******* Starting Add Customer Test **********
15/06/2023 01:13:18 PM: INFO: ************* Providing customer info **********
15/06/2023 01:13:25 PM: INFO: ************* Saving customer info, email: p6pphh7a@gmail.com ************************
15/06/2023 01:13:25 PM: INFO: ********* Add customer validation started *****************
15/06/2023 01:13:25 PM: INFO: ********* Add customer Test Passed *********
15/06/2023 01:13:25 PM: INFO: ******* Ending Add customer test **********
15/06/2023 01:13:25 PM: INFO: ******* Searching the email: p6pphh7a@gmail.com **********
15/06/2023 01:13:30 PM: INFO: ***************  Searching customer finished  *********** 
15/06/2023 01:18:16 PM: INFO: ************* Test_003_AddCustomer **********
15/06/2023 01:18:21 PM: INFO: ************* Login successful **********
15/06/2023 01:18:21 PM: INFO: ******* Starting Add Customer Test **********
15/06/2023 01:18:22 PM: INFO: ************* Providing customer info **********
15/06/2023 01:18:29 PM: INFO: ************* Saving customer info, email: 8wnz7dqd@gmail.com ************************
15/06/2023 01:18:29 PM: INFO: ********* Add customer validation started *****************
15/06/2023 01:20:39 PM: INFO: ************* Test_003_AddCustomer **********
15/06/2023 01:20:44 PM: INFO: ************* Login successful **********
15/06/2023 01:20:44 PM: INFO: ******* Starting Add Customer Test **********
15/06/2023 01:20:46 PM: INFO: ************* Providing customer info **********
15/06/2023 01:22:09 PM: INFO: ************* Test_003_AddCustomer **********
15/06/2023 01:22:12 PM: INFO: ************* Login successful **********
15/06/2023 01:22:12 PM: INFO: ******* Starting Add Customer Test **********
15/06/2023 01:22:15 PM: INFO: ************* Providing customer info **********
15/06/2023 01:23:21 PM: INFO: ************* Test_003_AddCustomer **********
15/06/2023 01:23:25 PM: INFO: ************* Login successful **********
15/06/2023 01:23:25 PM: INFO: ******* Starting Add Customer Test **********
15/06/2023 01:23:28 PM: INFO: ************* Providing customer info **********
15/06/2023 01:43:04 PM: INFO: ************* Test_003_AddCustomer **********
15/06/2023 01:43:07 PM: INFO: ************* Login successful **********
15/06/2023 01:43:07 PM: INFO: ******* Starting Add Customer Test **********
15/06/2023 01:43:09 PM: INFO: ************* Providing customer info **********
15/06/2023 01:45:16 PM: INFO: ************* Test_003_AddCustomer **********
15/06/2023 01:45:20 PM: INFO: ************* Login successful **********
15/06/2023 01:45:20 PM: INFO: ******* Starting Add Customer Test **********
15/06/2023 01:45:22 PM: INFO: ************* Providing customer info **********
15/06/2023 01:45:31 PM: INFO: ************* Saving customer info, email: g2gxeodz@gmail.com ************************
15/06/2023 01:45:31 PM: INFO: ********* Add customer validation started *****************
15/06/2023 01:45:31 PM: INFO: ********* Add customer Test Passed *********
15/06/2023 01:45:31 PM: INFO: ******* Ending Add customer test **********
15/06/2023 01:45:31 PM: INFO: ******* Searching the email: g2gxeodz@gmail.com **********
15/06/2023 01:45:36 PM: INFO: ***************  Searching customer finished  *********** 
15/06/2023 02:20:24 PM: INFO: ************* Test_003_AddCustomer **********
15/06/2023 02:20:27 PM: INFO: ************* Login successful **********
15/06/2023 02:20:27 PM: INFO: ******* Starting Add Customer Test **********
15/06/2023 02:20:29 PM: INFO: ************* Providing customer info **********
15/06/2023 02:20:39 PM: INFO: ************* Saving customer info, email: snb9asn8@gmail.com ************************
15/06/2023 02:20:39 PM: INFO: ********* Add customer validation started *****************
15/06/2023 02:20:39 PM: INFO: ********* Add customer Test Passed *********
15/06/2023 02:20:39 PM: INFO: ******* Ending Add customer test **********
15/06/2023 02:20:39 PM: INFO: ******* Searching the email: snb9asn8@gmail.com **********
15/06/2023 02:20:44 PM: INFO: ***************  Searching customer finished  *********** 
15/06/2023 02:28:50 PM: INFO: ************* Test_003_AddCustomer **********
15/06/2023 02:28:53 PM: INFO: ************* Login successful **********
15/06/2023 02:28:53 PM: INFO: ******* Starting Add Customer Test **********
15/06/2023 02:28:55 PM: INFO: ************* Providing customer info **********
15/06/2023 02:29:04 PM: INFO: ************* Saving customer info, email: qeldbkbd@gmail.com ************************
15/06/2023 02:29:04 PM: INFO: ********* Add customer validation started *****************
15/06/2023 02:29:04 PM: INFO: ********* Add customer Test Passed *********
15/06/2023 02:29:04 PM: INFO: ******* Ending Add customer test **********
15/06/2023 02:29:04 PM: INFO: ******* Searching the email: qeldbkbd@gmail.com **********
15/06/2023 02:29:10 PM: INFO: ***************  Searching customer finished  *********** 
15/06/2023 02:31:00 PM: INFO: ************* Test_003_AddCustomer **********
15/06/2023 02:31:03 PM: INFO: ************* Login successful **********
15/06/2023 02:31:03 PM: INFO: ******* Starting Add Customer Test **********
15/06/2023 02:31:06 PM: INFO: ************* Providing customer info **********
15/06/2023 02:31:15 PM: INFO: ************* Saving customer info, email: gytcckn7@gmail.com ************************
15/06/2023 02:31:15 PM: INFO: ********* Add customer validation started *****************
15/06/2023 02:31:15 PM: INFO: ********* Add customer Test Passed *********
15/06/2023 02:31:15 PM: INFO: ******* Ending Add customer test **********
15/06/2023 02:31:15 PM: INFO: ******* Searching the email: gytcckn7@gmail.com **********
15/06/2023 02:31:20 PM: INFO: ***************  Searching customer finished  *********** 
15/06/2023 02:33:25 PM: INFO: ************* Test_003_AddCustomer **********
15/06/2023 02:33:27 PM: INFO: ************* Login successful **********
15/06/2023 02:33:27 PM: INFO: ******* Starting Add Customer Test **********
15/06/2023 02:33:29 PM: INFO: ************* Providing customer info **********
15/06/2023 02:33:38 PM: INFO: ************* Saving customer info, email: wp3dmecz@gmail.com ************************
15/06/2023 02:33:38 PM: INFO: ********* Add customer validation started *****************
15/06/2023 02:33:39 PM: INFO: ********* Add customer Test Passed *********
15/06/2023 02:33:39 PM: INFO: ******* Ending Add customer test **********
15/06/2023 02:33:39 PM: INFO: ******* Searching the email: wp3dmecz@gmail.com **********
15/06/2023 02:33:44 PM: INFO: ***************  Searching customer finished  *********** 
15/06/2023 02:44:40 PM: INFO: ************* Test_003_AddCustomer **********
15/06/2023 02:44:45 PM: INFO: ************* Login successful **********
15/06/2023 02:44:45 PM: INFO: ******* Starting Add Customer Test **********
15/06/2023 02:44:47 PM: INFO: ************* Providing customer info **********
15/06/2023 02:44:57 PM: INFO: ************* Saving customer info, email: ppipwfqa@gmail.com ************************
15/06/2023 02:44:57 PM: INFO: ********* Add customer validation started *****************
15/06/2023 02:44:57 PM: INFO: ********* Add customer Test Passed *********
15/06/2023 02:44:57 PM: INFO: ******* Ending Add customer test **********
15/06/2023 02:44:57 PM: INFO: ******* Searching the email: ppipwfqa@gmail.com **********
15/06/2023 02:45:02 PM: INFO: ***************  Searching customer finished  *********** 
15/06/2023 02:48:24 PM: INFO: ************* Test_003_AddCustomer **********
15/06/2023 02:48:27 PM: INFO: ************* Login successful **********
15/06/2023 02:48:27 PM: INFO: ******* Starting Add Customer Test **********
15/06/2023 02:48:29 PM: INFO: ************* Providing customer info **********
15/06/2023 02:48:38 PM: INFO: ************* Saving customer info, email: axjkgn8x@gmail.com ************************
15/06/2023 02:48:38 PM: INFO: ********* Add customer validation started *****************
15/06/2023 02:48:38 PM: INFO: ********* Add customer Test Passed *********
15/06/2023 02:48:38 PM: INFO: ******* Ending Add customer test **********
15/06/2023 02:48:38 PM: INFO: ******* Searching the email: axjkgn8x@gmail.com **********
15/06/2023 02:48:43 PM: INFO: ***************  Searching customer finished  *********** 
15/06/2023 02:49:28 PM: INFO: ************* Test_003_AddCustomer **********
15/06/2023 02:49:32 PM: INFO: ************* Login successful **********
15/06/2023 02:49:32 PM: INFO: ******* Starting Add Customer Test **********
15/06/2023 02:49:34 PM: INFO: ************* Providing customer info **********
15/06/2023 02:49:43 PM: INFO: ************* Saving customer info, email: 3wgbao7q@gmail.com ************************
15/06/2023 02:49:43 PM: INFO: ********* Add customer validation started *****************
15/06/2023 02:49:43 PM: INFO: ********* Add customer Test Passed *********
15/06/2023 02:49:43 PM: INFO: ******* Ending Add customer test **********
15/06/2023 02:49:43 PM: INFO: ******* Searching the email: 3wgbao7q@gmail.com **********
15/06/2023 02:49:48 PM: INFO: ***************  Searching customer finished  *********** 
15/06/2023 02:49:51 PM: INFO: ********* Customer delete validation started *****************
15/06/2023 02:49:51 PM: INFO: ********* Add customer Test Passed *********
15/06/2023 02:49:51 PM: INFO: ******* Ending delete customer test **********
15/06/2023 02:53:53 PM: INFO: ************* SearchCustomerByEmail_004 **********
15/06/2023 02:55:01 PM: INFO: ************* SearchCustomerByEmail_004 **********
15/06/2023 02:55:06 PM: INFO: ************* Login succesful **********
15/06/2023 02:55:06 PM: INFO: ******* Starting Search Customer By Email **********
15/06/2023 02:55:07 PM: INFO: ************* searching customer by emailID **********
15/06/2023 02:55:13 PM: INFO: ***************  TC_SearchCustomerByEmail_004 Finished  *********** 
15/06/2023 02:56:03 PM: INFO: ************* SearchCustomerByEmail_004 **********
15/06/2023 02:56:06 PM: INFO: ************* Login succesful **********
15/06/2023 02:56:06 PM: INFO: ******* Starting Search Customer By Email **********
15/06/2023 02:56:08 PM: INFO: ************* searching customer by emailID **********
15/06/2023 02:56:13 PM: INFO: ***************  TC_SearchCustomerByEmail_004 Finished  *********** 
15/06/2023 02:56:20 PM: INFO: ************* Test_003_AddCustomer **********
15/06/2023 02:56:23 PM: INFO: ************* Login successful **********
15/06/2023 02:56:23 PM: INFO: ******* Starting Add Customer Test **********
15/06/2023 02:56:25 PM: INFO: ************* Providing customer info **********
15/06/2023 02:56:35 PM: INFO: ************* Saving customer info, email: hcv1az3f@gmail.com ************************
15/06/2023 02:56:35 PM: INFO: ********* Add customer validation started *****************
15/06/2023 02:56:35 PM: INFO: ********* Add customer Test Passed *********
15/06/2023 02:56:35 PM: INFO: ******* Ending Add customer test **********
15/06/2023 02:56:35 PM: INFO: ******* Searching the email: hcv1az3f@gmail.com **********
15/06/2023 02:56:40 PM: INFO: ***************  Searching customer finished  *********** 
15/06/2023 02:56:43 PM: INFO: ********* Customer delete validation started *****************
15/06/2023 02:56:43 PM: INFO: ********* Add customer Test Passed *********
15/06/2023 02:56:43 PM: INFO: ******* Ending delete customer test **********
15/06/2023 03:00:22 PM: INFO: ************* Test_003_AddCustomer **********
15/06/2023 03:00:26 PM: INFO: ************* Login successful **********
15/06/2023 03:00:26 PM: INFO: ******* Starting Add Customer Test **********
15/06/2023 03:00:28 PM: INFO: ************* Providing customer info **********
15/06/2023 03:01:17 PM: INFO: ************* Test_003_AddCustomer **********
15/06/2023 03:01:20 PM: INFO: ************* Login successful **********
15/06/2023 03:01:20 PM: INFO: ******* Starting Add Customer Test **********
15/06/2023 03:01:23 PM: INFO: ************* Providing customer info **********
15/06/2023 03:03:11 PM: INFO: ************* Test_003_AddCustomer **********
15/06/2023 03:03:14 PM: INFO: ************* Login successful **********
15/06/2023 03:03:14 PM: INFO: ******* Starting Add Customer Test **********
15/06/2023 03:03:16 PM: INFO: ************* Providing customer info **********
15/06/2023 03:03:28 PM: INFO: ************* Saving customer info, email: fslj4ibh@gmail.com ************************
15/06/2023 03:03:28 PM: INFO: ********* Add customer validation started *****************
15/06/2023 03:03:28 PM: INFO: ********* Add customer Test Passed *********
15/06/2023 03:03:28 PM: INFO: ******* Ending Add customer test **********
15/06/2023 03:03:28 PM: INFO: ******* Searching the email: fslj4ibh@gmail.com **********
15/06/2023 03:03:34 PM: INFO: ***************  Searching customer finished  *********** 
15/06/2023 03:03:36 PM: INFO: ********* Customer delete validation started *****************
15/06/2023 03:03:36 PM: INFO: ********* Add customer Test Passed *********
15/06/2023 03:03:36 PM: INFO: ******* Ending delete customer test **********
15/06/2023 03:04:26 PM: INFO: ************* Test_003_AddCustomer **********
15/06/2023 03:04:29 PM: INFO: ************* Login successful **********
15/06/2023 03:04:29 PM: INFO: ******* Starting Add Customer Test **********
15/06/2023 03:04:31 PM: INFO: ************* Providing customer info **********
15/06/2023 03:06:00 PM: INFO: ************* Test_003_AddCustomer **********
15/06/2023 03:06:05 PM: INFO: ************* Login successful **********
15/06/2023 03:06:05 PM: INFO: ******* Starting Add Customer Test **********
15/06/2023 03:06:07 PM: INFO: ************* Providing customer info **********
15/06/2023 03:06:22 PM: INFO: ************* Saving customer info, email: zfmutkn6@gmail.com ************************
15/06/2023 03:06:22 PM: INFO: ********* Add customer validation started *****************
15/06/2023 03:06:23 PM: INFO: ********* Add customer Test Passed *********
15/06/2023 03:06:23 PM: INFO: ******* Ending Add customer test **********
15/06/2023 03:06:23 PM: INFO: ******* Searching the email: zfmutkn6@gmail.com **********
15/06/2023 03:30:28 PM: INFO: ************* Test_003_AddCustomer **********
15/06/2023 03:30:32 PM: INFO: ************* Login successful **********
15/06/2023 03:30:32 PM: INFO: ******* Starting Add Customer Test **********
15/06/2023 03:30:34 PM: INFO: ************* Providing customer info **********
15/06/2023 03:30:49 PM: INFO: ************* Saving customer info, email: nwrndm9x@gmail.com ************************
15/06/2023 03:30:49 PM: INFO: ********* Add customer validation started *****************
15/06/2023 03:30:49 PM: INFO: ********* Add customer Test Passed *********
15/06/2023 03:30:49 PM: INFO: ******* Ending Add customer test **********
15/06/2023 03:31:36 PM: INFO: ************* Test_003_AddCustomer **********
15/06/2023 03:31:41 PM: INFO: ************* Login successful **********
15/06/2023 03:31:41 PM: INFO: ******* Starting Add Customer Test **********
15/06/2023 03:31:43 PM: INFO: ************* Providing customer info **********
15/06/2023 03:31:58 PM: INFO: ************* Saving customer info, email: 3p4wd0bv@gmail.com ************************
15/06/2023 03:31:58 PM: INFO: ********* Add customer validation started *****************
15/06/2023 03:31:58 PM: INFO: ********* Add customer Test Passed *********
15/06/2023 03:31:58 PM: INFO: ******* Ending Add customer test **********
15/06/2023 03:31:58 PM: INFO: ******* Searching the email: 3p4wd0bv@gmail.com **********
15/06/2023 03:35:03 PM: INFO: ************* Test_003_AddCustomer **********
15/06/2023 03:35:07 PM: INFO: ************* Login successful **********
15/06/2023 03:35:07 PM: INFO: ******* Starting Add Customer Test **********
15/06/2023 03:35:09 PM: INFO: ************* Providing customer info **********
15/06/2023 03:35:25 PM: INFO: ************* Saving customer info, email: 9sum5fjo@gmail.com ************************
15/06/2023 03:35:25 PM: INFO: ********* Add customer validation started *****************
15/06/2023 03:35:25 PM: INFO: ********* Add customer Test Passed *********
15/06/2023 03:35:25 PM: INFO: ******* Ending Add customer test **********
15/06/2023 03:35:25 PM: INFO: ***************  Is not a Registered role  *********** 
15/06/2023 03:37:16 PM: INFO: ************* Test_003_AddCustomer **********
15/06/2023 03:37:20 PM: INFO: ************* Login successful **********
15/06/2023 03:37:20 PM: INFO: ******* Starting Add Customer Test **********
15/06/2023 03:37:23 PM: INFO: ************* Providing customer info **********
15/06/2023 03:37:35 PM: INFO: ************* Saving customer info, email: ia5ejuyh@gmail.com ************************
15/06/2023 03:37:35 PM: INFO: ********* Add customer validation started *****************
15/06/2023 03:37:35 PM: INFO: ********* Add customer Test Passed *********
15/06/2023 03:37:35 PM: INFO: ******* Ending Add customer test **********
15/06/2023 03:37:35 PM: INFO: ***************  Is not a Registered role  *********** 
15/06/2023 03:40:22 PM: INFO: ************* Test_003_AddCustomer **********
15/06/2023 03:40:26 PM: INFO: ************* Login successful **********
15/06/2023 03:40:26 PM: INFO: ******* Starting Add Customer Test **********
15/06/2023 03:40:28 PM: INFO: ************* Providing customer info **********
15/06/2023 03:40:41 PM: INFO: ************* Saving customer info, email: vnrcqwes@gmail.com ************************
15/06/2023 03:40:41 PM: INFO: ********* Add customer validation started *****************
15/06/2023 03:40:41 PM: INFO: ********* Add customer Test Passed *********
15/06/2023 03:40:41 PM: INFO: ******* Ending Add customer test **********
15/06/2023 03:40:41 PM: INFO: ***************  Is not a Registered role  *********** 
15/06/2023 03:44:21 PM: INFO: ************* Test_003_AddCustomer **********
15/06/2023 03:44:26 PM: INFO: ************* Login successful **********
15/06/2023 03:44:26 PM: INFO: ******* Starting Add Customer Test **********
15/06/2023 03:44:27 PM: INFO: ************* Providing customer info **********
15/06/2023 03:44:40 PM: INFO: ************* Saving customer info, email: tgrq65vc@gmail.com ************************
15/06/2023 03:44:40 PM: INFO: ********* Add customer validation started *****************
15/06/2023 03:44:40 PM: INFO: ********* Add customer Test Passed *********
15/06/2023 03:44:40 PM: INFO: ******* Ending Add customer test **********
15/06/2023 03:44:40 PM: INFO: ***************  Is not a Registered role  *********** 
15/06/2023 03:45:09 PM: INFO: ************* Test_003_AddCustomer **********
15/06/2023 03:45:13 PM: INFO: ************* Login successful **********
15/06/2023 03:45:13 PM: INFO: ******* Starting Add Customer Test **********
15/06/2023 03:45:15 PM: INFO: ************* Providing customer info **********
15/06/2023 03:45:27 PM: INFO: ************* Saving customer info, email: z2q4ksyg@gmail.com ************************
15/06/2023 03:45:27 PM: INFO: ********* Add customer validation started *****************
15/06/2023 03:45:27 PM: INFO: ********* Add customer Test Passed *********
15/06/2023 03:45:27 PM: INFO: ******* Ending Add customer test **********
15/06/2023 03:45:27 PM: INFO: ***************  Is not a Registered role  *********** 
15/06/2023 03:51:27 PM: INFO: ************* Test_003_AddCustomer **********
15/06/2023 03:51:31 PM: INFO: ************* Login successful **********
15/06/2023 03:51:31 PM: INFO: ******* Starting Add Customer Test **********
15/06/2023 03:51:33 PM: INFO: ************* Providing customer info **********
15/06/2023 03:51:46 PM: INFO: ************* Saving customer info, email: xaewxln1@gmail.com ************************
15/06/2023 03:51:46 PM: INFO: ********* Add customer validation started *****************
15/06/2023 03:51:46 PM: INFO: ********* Add customer Test Passed *********
15/06/2023 03:51:46 PM: INFO: ******* Ending Add customer test **********
15/06/2023 04:54:04 PM: INFO: ************* Test_003_AddCustomer **********
15/06/2023 04:54:07 PM: INFO: ************* Login successful **********
15/06/2023 04:54:07 PM: INFO: ******* Starting Add Customer Test **********
15/06/2023 04:54:11 PM: INFO: ************* Providing customer info **********
15/06/2023 04:54:26 PM: INFO: ************* Saving customer info, email: q4pv89ui@gmail.com ************************
15/06/2023 04:54:26 PM: INFO: ********* Add customer validation started *****************
15/06/2023 04:54:26 PM: INFO: ********* Add customer Test Passed *********
15/06/2023 04:54:26 PM: INFO: ******* Ending Add customer test **********
15/06/2023 04:54:26 PM: INFO: ******* Searching the email: q4pv89ui@gmail.com **********
15/06/2023 05:01:05 PM: INFO: ************* Test_003_AddCustomer **********
15/06/2023 05:01:09 PM: INFO: ************* Login successful **********
15/06/2023 05:01:09 PM: INFO: ******* Starting Add Customer Test **********
15/06/2023 05:01:11 PM: INFO: ************* Providing customer info **********
15/06/2023 05:01:27 PM: INFO: ************* Saving customer info, email: 8bzgno9j@gmail.com ************************
15/06/2023 05:01:27 PM: INFO: ********* Add customer validation started *****************
15/06/2023 05:01:27 PM: INFO: ********* Add customer Test Passed *********
15/06/2023 05:01:27 PM: INFO: ******* Ending Add customer test **********
15/06/2023 05:01:27 PM: INFO: ******* Searching the email: 8bzgno9j@gmail.com **********
15/06/2023 05:02:48 PM: INFO: ************* Test_003_AddCustomer **********
15/06/2023 05:02:52 PM: INFO: ************* Login successful **********
15/06/2023 05:02:52 PM: INFO: ******* Starting Add Customer Test **********
15/06/2023 05:02:54 PM: INFO: ************* Providing customer info **********
15/06/2023 05:03:10 PM: INFO: ************* Saving customer info, email: yj7nteuc@gmail.com ************************
15/06/2023 05:03:10 PM: INFO: ********* Add customer validation started *****************
15/06/2023 05:03:10 PM: INFO: ********* Add customer Test Passed *********
15/06/2023 05:03:10 PM: INFO: ******* Ending Add customer test **********
15/06/2023 05:03:10 PM: INFO: ******* Searching the email: yj7nteuc@gmail.com **********
15/06/2023 05:04:48 PM: INFO: ************* Test_003_AddCustomer **********
15/06/2023 05:04:53 PM: INFO: ************* Login successful **********
15/06/2023 05:04:53 PM: INFO: ******* Starting Add Customer Test **********
15/06/2023 05:04:54 PM: INFO: ************* Providing customer info **********
15/06/2023 05:05:10 PM: INFO: ************* Saving customer info, email: nw70zir4@gmail.com ************************
15/06/2023 05:05:10 PM: INFO: ********* Add customer validation started *****************
15/06/2023 05:05:10 PM: INFO: ********* Add customer Test Passed *********
15/06/2023 05:05:10 PM: INFO: ******* Ending Add customer test **********
15/06/2023 05:05:10 PM: INFO: ******* Searching the email: nw70zir4@gmail.com **********
15/06/2023 05:07:45 PM: INFO: ************* Test_003_AddCustomer **********
15/06/2023 05:07:50 PM: INFO: ************* Login successful **********
15/06/2023 05:07:50 PM: INFO: ******* Starting Add Customer Test **********
15/06/2023 05:07:52 PM: INFO: ************* Providing customer info **********
15/06/2023 05:08:07 PM: INFO: ************* Saving customer info, email: j8b64b7h@gmail.com ************************
15/06/2023 05:08:07 PM: INFO: ********* Add customer validation started *****************
15/06/2023 05:08:07 PM: INFO: ********* Add customer Test Passed *********
15/06/2023 05:08:07 PM: INFO: ******* Ending Add customer test **********
15/06/2023 05:08:07 PM: INFO: ******* Searching the email: j8b64b7h@gmail.com **********
15/06/2023 05:08:11 PM: INFO: ***************  Searching customer finished  *********** 
15/06/2023 05:08:13 PM: INFO: ********* Customer delete validation started *****************
15/06/2023 05:08:13 PM: INFO: ********* Add customer Test Passed *********
15/06/2023 05:08:13 PM: INFO: ******* Ending delete customer test **********
15/06/2023 05:11:25 PM: INFO: ************* Test_003_AddCustomer **********
15/06/2023 05:11:30 PM: INFO: ************* Login successful **********
15/06/2023 05:11:30 PM: INFO: ******* Starting Add Customer Test **********
15/06/2023 05:11:32 PM: INFO: ************* Providing customer info **********
15/06/2023 05:11:48 PM: INFO: ************* Saving customer info, email: dzg6gq1w@gmail.com ************************
15/06/2023 05:11:48 PM: INFO: ********* Add customer validation started *****************
15/06/2023 05:11:48 PM: INFO: ********* Add customer Test Passed *********
15/06/2023 05:11:48 PM: INFO: ******* Ending Add customer test **********
15/06/2023 05:11:48 PM: INFO: ******* Searching the email: dzg6gq1w@gmail.com **********
15/06/2023 05:11:54 PM: INFO: ***************  Searching customer finished  *********** 
15/06/2023 05:11:56 PM: INFO: ********* Customer delete validation started *****************
15/06/2023 05:11:56 PM: INFO: ********* Add customer Test Passed *********
15/06/2023 05:11:56 PM: INFO: ******* Ending delete customer test **********
15/06/2023 05:13:54 PM: INFO: ************* Test_003_AddCustomer **********
15/06/2023 05:13:59 PM: INFO: ************* Login successful **********
15/06/2023 05:13:59 PM: INFO: ******* Starting Add Customer Test **********
15/06/2023 05:14:01 PM: INFO: ************* Providing customer info **********
15/06/2023 05:14:16 PM: INFO: ************* Saving customer info, email: ahxd20gb@gmail.com ************************
15/06/2023 05:14:16 PM: INFO: ********* Add customer validation started *****************
15/06/2023 05:14:16 PM: INFO: ********* Add customer Test Passed *********
15/06/2023 05:14:16 PM: INFO: ******* Ending Add customer test **********
15/06/2023 05:14:16 PM: INFO: ******* Searching the email: ahxd20gb@gmail.com **********
15/06/2023 05:14:23 PM: INFO: ***************  Searching customer finished  *********** 
15/06/2023 05:14:46 PM: INFO: ************* Test_003_AddCustomer **********
15/06/2023 05:14:49 PM: INFO: ************* Login successful **********
15/06/2023 05:14:49 PM: INFO: ******* Starting Add Customer Test **********
15/06/2023 05:14:52 PM: INFO: ************* Providing customer info **********
15/06/2023 05:15:07 PM: INFO: ************* Saving customer info, email: n7crfgip@gmail.com ************************
15/06/2023 05:15:07 PM: INFO: ********* Add customer validation started *****************
15/06/2023 05:15:07 PM: INFO: ********* Add customer Test Passed *********
15/06/2023 05:15:07 PM: INFO: ******* Ending Add customer test **********
15/06/2023 05:15:07 PM: INFO: ******* Searching the email: n7crfgip@gmail.com **********
15/06/2023 05:15:24 PM: INFO: ***************  Searching customer finished  *********** 
15/06/2023 05:16:00 PM: INFO: ************* Test_003_AddCustomer **********
15/06/2023 05:16:04 PM: INFO: ************* Login successful **********
15/06/2023 05:16:04 PM: INFO: ******* Starting Add Customer Test **********
15/06/2023 05:16:06 PM: INFO: ************* Providing customer info **********
15/06/2023 05:16:21 PM: INFO: ************* Saving customer info, email: vy3vszkn@gmail.com ************************
15/06/2023 05:16:21 PM: INFO: ********* Add customer validation started *****************
15/06/2023 05:16:21 PM: INFO: ********* Add customer Test Passed *********
15/06/2023 05:16:21 PM: INFO: ******* Ending Add customer test **********
15/06/2023 05:16:21 PM: INFO: ******* Searching the email: vy3vszkn@gmail.com **********
15/06/2023 05:16:38 PM: INFO: ***************  Searching customer finished  *********** 
15/06/2023 05:18:23 PM: INFO: ************* Test_003_AddCustomer **********
15/06/2023 05:18:27 PM: INFO: ************* Login successful **********
15/06/2023 05:18:27 PM: INFO: ******* Starting Add Customer Test **********
15/06/2023 05:18:29 PM: INFO: ************* Providing customer info **********
15/06/2023 05:18:45 PM: INFO: ************* Saving customer info, email: jtbwjj8t@gmail.com ************************
15/06/2023 05:18:45 PM: INFO: ********* Add customer validation started *****************
15/06/2023 05:18:45 PM: INFO: ********* Add customer Test Passed *********
15/06/2023 05:18:45 PM: INFO: ******* Ending Add customer test **********
15/06/2023 05:18:45 PM: INFO: ******* Searching the email: jtbwjj8t@gmail.com **********
15/06/2023 05:18:56 PM: INFO: ***************  Searching customer finished  *********** 
15/06/2023 05:19:03 PM: INFO: ********* Customer delete validation started *****************
15/06/2023 05:19:04 PM: INFO: ********* Add customer Test Passed *********
15/06/2023 05:19:04 PM: INFO: ******* Ending delete customer test **********
15/06/2023 07:20:20 PM: INFO: ************* Test_003_AddCustomer **********
15/06/2023 07:20:24 PM: INFO: ************* Login successful **********
15/06/2023 07:20:24 PM: INFO: ******* Starting Add Customer Test **********
15/06/2023 07:20:26 PM: INFO: ************* Providing customer info **********
15/06/2023 07:20:42 PM: INFO: ************* Saving customer info, email: xke27mku@gmail.com ************************
15/06/2023 07:20:42 PM: INFO: ********* Add customer validation started *****************
15/06/2023 07:20:42 PM: INFO: ********* Add customer Test Passed *********
15/06/2023 07:20:42 PM: INFO: ******* Ending Add customer test **********
15/06/2023 07:20:42 PM: INFO: ******* Searching the email: xke27mku@gmail.com **********
15/06/2023 07:20:53 PM: INFO: ***************  Searching customer finished  *********** 
15/06/2023 07:21:01 PM: INFO: ********* Customer delete validation started *****************
15/06/2023 07:21:01 PM: INFO: ********* Add customer Test Passed *********
15/06/2023 07:21:01 PM: INFO: ******* Ending delete customer test **********
15/06/2023 07:21:02 PM: INFO: ************** Test_001_Login ****************
15/06/2023 07:21:02 PM: INFO: ************** Verifying Home Page Title ****************
15/06/2023 07:21:04 PM: INFO: ************** Verifying Home Page Title - Passed ****************
15/06/2023 07:21:05 PM: INFO: ************** Verifying Login Test ****************
15/06/2023 07:21:07 PM: INFO: ************** Verifying Login Test - Passed ****************
15/06/2023 07:21:09 PM: INFO: ************** Test_002_DDT_Login ****************
15/06/2023 07:21:09 PM: INFO: ************** Verifying Login DDT ****************
15/06/2023 07:21:16 PM: INFO: *****Passed*****
15/06/2023 07:21:22 PM: INFO: *****Passed*****
15/06/2023 07:21:28 PM: INFO: *****Passed*****
15/06/2023 07:21:33 PM: INFO: *****Passed*****
15/06/2023 07:21:33 PM: INFO: **********Login DDT test Passed**********
15/06/2023 07:21:33 PM: INFO: **********End of Login DDT**********
15/06/2023 07:21:33 PM: INFO: **********Completed TC_LoginDDT_002**********
15/06/2023 07:21:34 PM: INFO: ************* SearchCustomerByEmail_004 **********
15/06/2023 07:21:37 PM: INFO: ************* Login succesful **********
15/06/2023 07:21:37 PM: INFO: ******* Starting Search Customer By Email **********
15/06/2023 07:21:38 PM: INFO: ************* searching customer by emailID **********
15/06/2023 08:13:31 PM: INFO: ************* Test_003_AddCustomer **********
15/06/2023 08:13:35 PM: INFO: ************* Login successful **********
15/06/2023 08:13:35 PM: INFO: ******* Starting Add Customer Test **********
15/06/2023 08:13:36 PM: INFO: ************* Providing customer info **********
15/06/2023 08:13:52 PM: INFO: ************* Saving customer info, email: 8xbtbmd1@gmail.com ************************
15/06/2023 08:13:52 PM: INFO: ********* Add customer validation started *****************
15/06/2023 08:13:52 PM: INFO: ********* Add customer Test Passed *********
15/06/2023 08:13:52 PM: INFO: ******* Ending Add customer test **********
15/06/2023 08:13:52 PM: INFO: ******* Searching the email: 8xbtbmd1@gmail.com **********
15/06/2023 08:14:03 PM: INFO: ***************  Searching customer finished  *********** 
15/06/2023 08:14:10 PM: INFO: ********* Customer delete validation started *****************
15/06/2023 08:14:11 PM: INFO: ********* Add customer Test Passed *********
15/06/2023 08:14:11 PM: INFO: ******* Ending delete customer test **********
15/06/2023 08:17:41 PM: INFO: ************* Test_003_AddCustomer **********
15/06/2023 08:17:46 PM: INFO: ************* Login successful **********
15/06/2023 08:17:46 PM: INFO: ******* Starting Add Customer Test **********
15/06/2023 08:17:48 PM: INFO: ************* Providing customer info **********
15/06/2023 08:18:03 PM: INFO: ************* Saving customer info, email: lumfvb8o@gmail.com ************************
15/06/2023 08:18:03 PM: INFO: ********* Add customer validation started *****************
15/06/2023 08:18:03 PM: INFO: ********* Add customer Test Passed *********
15/06/2023 08:18:03 PM: INFO: ******* Ending Add customer test **********
15/06/2023 08:18:03 PM: INFO: ******* Searching the email: lumfvb8o@gmail.com **********
15/06/2023 08:18:15 PM: INFO: ***************  Searching customer finished  *********** 
15/06/2023 08:18:22 PM: INFO: ********* Customer delete validation started *****************
15/06/2023 08:18:22 PM: INFO: ********* Add customer Test Passed *********
15/06/2023 08:18:22 PM: INFO: ******* Ending delete customer test **********
15/06/2023 08:39:11 PM: INFO: ************* Test_003_AddCustomer **********
15/06/2023 08:39:17 PM: INFO: ************* Login successful **********
15/06/2023 08:39:17 PM: INFO: ******* Starting Add Customer Test **********
15/06/2023 08:39:19 PM: INFO: ************* Providing customer info **********
15/06/2023 08:39:35 PM: INFO: ************* Saving customer info, email: 9bpaj9j0@gmail.com ************************
15/06/2023 08:39:35 PM: INFO: ********* Add customer validation started *****************
15/06/2023 08:39:35 PM: INFO: ********* Add customer Test Passed *********
15/06/2023 08:39:35 PM: INFO: ******* Ending Add customer test **********
15/06/2023 08:39:35 PM: INFO: ******* Searching the email: 9bpaj9j0@gmail.com **********
15/06/2023 08:39:46 PM: INFO: ***************  Searching customer finished  *********** 
15/06/2023 08:39:53 PM: INFO: ********* Customer delete validation started *****************
15/06/2023 08:39:53 PM: INFO: ********* Add customer Test Passed *********
15/06/2023 08:39:53 PM: INFO: ******* Ending delete customer test **********
15/06/2023 08:41:08 PM: INFO: ************* Test_003_AddCustomer **********
15/06/2023 08:41:16 PM: INFO: ************* Login successful **********
15/06/2023 08:41:16 PM: INFO: ******* Starting Add Customer Test **********
15/06/2023 08:41:19 PM: INFO: ************* Providing customer info **********
15/06/2023 08:41:34 PM: INFO: ************* Saving customer info, email: y8b13jvi@gmail.com ************************
15/06/2023 08:41:34 PM: INFO: ********* Add customer validation started *****************
15/06/2023 08:41:35 PM: INFO: ********* Add customer Test Passed *********
15/06/2023 08:41:35 PM: INFO: ******* Ending Add customer test **********
15/06/2023 08:41:35 PM: INFO: ******* Searching the email: y8b13jvi@gmail.com **********
15/06/2023 08:41:46 PM: INFO: ***************  Searching customer finished  *********** 
15/06/2023 08:41:53 PM: INFO: ********* Customer delete validation started *****************
15/06/2023 08:41:53 PM: INFO: ********* Add customer Test Passed *********
15/06/2023 08:41:53 PM: INFO: ******* Ending delete customer test **********
15/06/2023 08:42:33 PM: INFO: ************* Test_003_AddCustomer **********
15/06/2023 08:42:36 PM: INFO: ************* Login successful **********
15/06/2023 08:42:36 PM: INFO: ******* Starting Add Customer Test **********
15/06/2023 08:42:38 PM: INFO: ************* Providing customer info **********
15/06/2023 08:42:53 PM: INFO: ************* Saving customer info, email: ygh9qg41@gmail.com ************************
15/06/2023 08:42:53 PM: INFO: ********* Add customer validation started *****************
15/06/2023 08:42:53 PM: INFO: ********* Add customer Test Passed *********
15/06/2023 08:42:53 PM: INFO: ******* Ending Add customer test **********
15/06/2023 08:42:53 PM: INFO: ******* Searching the email: ygh9qg41@gmail.com **********
15/06/2023 08:43:05 PM: INFO: ***************  Searching customer finished  *********** 
15/06/2023 08:43:12 PM: INFO: ********* Customer delete validation started *****************
15/06/2023 08:43:12 PM: INFO: ********* Add customer Test Passed *********
15/06/2023 08:43:12 PM: INFO: ******* Ending delete customer test **********
15/06/2023 08:55:07 PM: INFO: ************* Test_003_AddCustomer **********
15/06/2023 08:55:12 PM: INFO: ************* Login successful **********
15/06/2023 08:55:12 PM: INFO: ******* Starting Add Customer Test **********
15/06/2023 08:55:14 PM: INFO: ************* Providing customer info **********
15/06/2023 08:55:43 PM: INFO: ************* Test_003_AddCustomer **********
15/06/2023 08:55:47 PM: INFO: ************* Login successful **********
15/06/2023 08:55:47 PM: INFO: ******* Starting Add Customer Test **********
15/06/2023 08:55:49 PM: INFO: ************* Providing customer info **********
15/06/2023 09:01:48 PM: INFO: ************* Test_003_AddCustomer **********
15/06/2023 09:01:52 PM: INFO: ************* Login successful **********
15/06/2023 09:01:52 PM: INFO: ******* Starting Add Customer Test **********
15/06/2023 09:01:54 PM: INFO: ************* Providing customer info **********
15/06/2023 09:04:44 PM: INFO: ************* Test_003_AddCustomer **********
15/06/2023 09:04:48 PM: INFO: ************* Login successful **********
15/06/2023 09:04:48 PM: INFO: ******* Starting Add Customer Test **********
15/06/2023 09:04:55 PM: INFO: ************* Providing customer info **********
15/06/2023 09:05:12 PM: INFO: ************* Test_003_AddCustomer **********
15/06/2023 09:05:15 PM: INFO: ************* Login successful **********
15/06/2023 09:05:15 PM: INFO: ******* Starting Add Customer Test **********
15/06/2023 09:05:27 PM: INFO: ************* Providing customer info **********
15/06/2023 09:06:47 PM: INFO: ************* Test_003_AddCustomer **********
15/06/2023 09:06:49 PM: INFO: ************* Login successful **********
15/06/2023 09:06:49 PM: INFO: ******* Starting Add Customer Test **********
15/06/2023 09:06:51 PM: INFO: ************* Providing customer info **********
15/06/2023 09:07:07 PM: INFO: ************* Saving customer info, email: dce62223@gmail.com ************************
15/06/2023 09:07:07 PM: INFO: ********* Add customer validation started *****************
15/06/2023 09:07:07 PM: INFO: ********* Add customer Test Passed *********
15/06/2023 09:07:07 PM: INFO: ******* Ending Add customer test **********
15/06/2023 09:07:07 PM: INFO: ******* Searching the email: dce62223@gmail.com **********
15/06/2023 09:07:18 PM: INFO: ***************  Searching customer finished  *********** 
15/06/2023 09:07:26 PM: INFO: ********* Customer delete validation started *****************
15/06/2023 09:07:26 PM: INFO: ********* Add customer Test Passed *********
15/06/2023 09:07:26 PM: INFO: ******* Ending delete customer test **********
15/06/2023 09:09:55 PM: INFO: ************* Test_003_AddCustomer **********
15/06/2023 09:10:00 PM: INFO: ************* Login successful **********
15/06/2023 09:10:00 PM: INFO: ******* Starting Add Customer Test **********
15/06/2023 09:10:02 PM: INFO: ************* Providing customer info **********
15/06/2023 09:10:17 PM: INFO: ************* Saving customer info, email: 68b34qlo@gmail.com ************************
15/06/2023 09:10:17 PM: INFO: ********* Add customer validation started *****************
15/06/2023 09:10:17 PM: INFO: ********* Add customer Test Passed *********
15/06/2023 09:10:17 PM: INFO: ******* Ending Add customer test **********
15/06/2023 09:10:17 PM: INFO: ******* Searching the email: 68b34qlo@gmail.com **********
15/06/2023 09:10:29 PM: INFO: ***************  Searching customer finished  *********** 
15/06/2023 09:10:36 PM: INFO: ********* Customer delete validation started *****************
15/06/2023 09:10:36 PM: INFO: ********* Add customer Test Passed *********
15/06/2023 09:10:36 PM: INFO: ******* Ending delete customer test **********
15/06/2023 09:12:15 PM: INFO: ************* Test_003_AddCustomer **********
15/06/2023 09:12:19 PM: INFO: ************* Login successful **********
15/06/2023 09:12:19 PM: INFO: ******* Starting Add Customer Test **********
15/06/2023 09:12:21 PM: INFO: ************* Providing customer info **********
15/06/2023 09:12:36 PM: INFO: ************* Saving customer info, email: jfu75tah@gmail.com ************************
15/06/2023 09:12:36 PM: INFO: ********* Add customer validation started *****************
15/06/2023 09:12:36 PM: INFO: ********* Add customer Test Passed *********
15/06/2023 09:12:36 PM: INFO: ******* Ending Add customer test **********
15/06/2023 09:12:36 PM: INFO: ******* Searching the email: jfu75tah@gmail.com **********
15/06/2023 09:12:48 PM: INFO: ***************  Searching customer finished  *********** 
15/06/2023 09:12:55 PM: INFO: ********* Customer delete validation started *****************
15/06/2023 09:12:55 PM: INFO: ********* Add customer Test Passed *********
15/06/2023 09:12:55 PM: INFO: ******* Ending delete customer test **********
15/06/2023 09:15:39 PM: INFO: ************* Test_003_AddCustomer **********
15/06/2023 09:15:43 PM: INFO: ************* Login successful **********
15/06/2023 09:15:43 PM: INFO: ******* Starting Add Customer Test **********
15/06/2023 09:15:45 PM: INFO: ************* Providing customer info **********
15/06/2023 09:16:01 PM: INFO: ************* Saving customer info, email: 40o9ut9a@gmail.com ************************
15/06/2023 09:16:01 PM: INFO: ********* Add customer validation started *****************
15/06/2023 09:16:01 PM: INFO: ********* Add customer Test Passed *********
15/06/2023 09:16:01 PM: INFO: ******* Ending Add customer test **********
15/06/2023 09:16:01 PM: INFO: ******* Searching the email: 40o9ut9a@gmail.com **********
15/06/2023 09:16:12 PM: INFO: ***************  Searching customer finished  *********** 
15/06/2023 09:16:19 PM: INFO: ********* Customer delete validation started *****************
15/06/2023 09:16:20 PM: INFO: ********* Add customer Test Passed *********
15/06/2023 09:16:20 PM: INFO: ******* Ending delete customer test **********
15/06/2023 09:24:44 PM: INFO: ************* Test_003_AddCustomer **********
15/06/2023 09:24:48 PM: INFO: ************* Login successful **********
15/06/2023 09:24:48 PM: INFO: ******* Starting Add Customer Test **********
15/06/2023 09:24:49 PM: INFO: ************* Providing customer info **********
15/06/2023 09:25:05 PM: INFO: ************* Saving customer info, email: mktgwkr4@gmail.com ************************
15/06/2023 09:25:05 PM: INFO: ********* Add customer validation started *****************
15/06/2023 09:25:05 PM: INFO: ********* Add customer Test Passed *********
15/06/2023 09:25:05 PM: INFO: ******* Ending Add customer test **********
15/06/2023 09:25:05 PM: INFO: ******* Searching the email: mktgwkr4@gmail.com **********
15/06/2023 09:25:17 PM: INFO: ***************  Searching customer finished  *********** 
15/06/2023 09:25:24 PM: INFO: ********* Customer delete validation started *****************
15/06/2023 09:25:24 PM: INFO: ********* Add customer Test Passed *********
15/06/2023 09:25:24 PM: INFO: ******* Ending delete customer test **********
15/06/2023 09:26:34 PM: INFO: ************* Test_003_AddCustomer **********
15/06/2023 09:26:38 PM: INFO: ************* Login successful **********
15/06/2023 09:26:38 PM: INFO: ******* Starting Add Customer Test **********
15/06/2023 09:26:40 PM: INFO: ************* Providing customer info **********
15/06/2023 09:26:56 PM: INFO: ************* Saving customer info, email: 3npe0ux5@gmail.com ************************
15/06/2023 09:26:56 PM: INFO: ********* Add customer validation started *****************
15/06/2023 09:26:56 PM: INFO: ********* Add customer Test Passed *********
15/06/2023 09:26:56 PM: INFO: ******* Ending Add customer test **********
15/06/2023 09:26:56 PM: INFO: ******* Searching the email: 3npe0ux5@gmail.com **********
15/06/2023 09:27:07 PM: INFO: ***************  Searching customer finished  *********** 
15/06/2023 09:27:15 PM: INFO: ********* Customer delete validation started *****************
15/06/2023 09:27:15 PM: INFO: ********* Add customer Test Passed *********
15/06/2023 09:27:15 PM: INFO: ******* Ending delete customer test **********
15/06/2023 09:30:05 PM: INFO: ************* Test_003_AddCustomer **********
15/06/2023 09:30:10 PM: INFO: ************* Login successful **********
15/06/2023 09:30:10 PM: INFO: ******* Starting Add Customer Test **********
15/06/2023 09:30:12 PM: INFO: ************* Providing customer info **********
15/06/2023 09:30:28 PM: INFO: ************* Saving customer info, email: dkcnknqx@gmail.com ************************
15/06/2023 09:30:28 PM: INFO: ********* Add customer validation started *****************
15/06/2023 09:30:28 PM: INFO: ********* Add customer Test Passed *********
15/06/2023 09:30:28 PM: INFO: ******* Ending Add customer test **********
15/06/2023 09:30:28 PM: INFO: ******* Searching the email: dkcnknqx@gmail.com **********
15/06/2023 09:30:39 PM: INFO: ***************  Searching customer finished  *********** 
15/06/2023 09:30:46 PM: INFO: ********* Customer delete validation started *****************
15/06/2023 09:30:46 PM: INFO: ********* Add customer Test Passed *********
15/06/2023 09:30:46 PM: INFO: ******* Ending delete customer test **********
15/06/2023 09:32:00 PM: INFO: ************* Test_003_AddCustomer **********
15/06/2023 09:32:05 PM: INFO: ************* Login successful **********
15/06/2023 09:32:05 PM: INFO: ******* Starting Add Customer Test **********
15/06/2023 09:32:06 PM: INFO: ************* Providing customer info **********
15/06/2023 09:32:22 PM: INFO: ************* Saving customer info, email: xq0saux3@gmail.com ************************
15/06/2023 09:32:22 PM: INFO: ********* Add customer validation started *****************
15/06/2023 09:32:22 PM: INFO: ********* Add customer Test Passed *********
15/06/2023 09:32:22 PM: INFO: ******* Ending Add customer test **********
15/06/2023 09:32:22 PM: INFO: ******* Searching the email: xq0saux3@gmail.com **********
15/06/2023 09:32:33 PM: INFO: ***************  Searching customer finished  *********** 
15/06/2023 09:32:40 PM: INFO: ********* Customer delete validation started *****************
15/06/2023 09:32:41 PM: INFO: ********* Add customer Test Passed *********
15/06/2023 09:32:41 PM: INFO: ******* Ending delete customer test **********
15/06/2023 09:40:01 PM: INFO: ************* Test_003_AddCustomer **********
15/06/2023 09:40:06 PM: INFO: ************* Login successful **********
15/06/2023 09:40:06 PM: INFO: ******* Starting Add Customer Test **********
15/06/2023 09:40:08 PM: INFO: ************* Providing customer info **********
15/06/2023 09:40:23 PM: INFO: ************* Saving customer info, email: 46vesibi@gmail.com ************************
15/06/2023 09:40:23 PM: INFO: ********* Add customer validation started *****************
15/06/2023 09:40:23 PM: INFO: ********* Add customer Test Passed *********
15/06/2023 09:40:23 PM: INFO: ******* Ending Add customer test **********
15/06/2023 09:40:23 PM: INFO: ******* Searching the email: 46vesibi@gmail.com **********
15/06/2023 09:40:35 PM: INFO: ***************  Searching customer finished  *********** 
15/06/2023 09:40:42 PM: INFO: ********* Customer delete validation started *****************
15/06/2023 09:40:42 PM: INFO: ********* Add customer Test Passed *********
15/06/2023 09:40:42 PM: INFO: ******* Ending delete customer test **********
15/06/2023 09:45:15 PM: INFO: ************* Test_003_AddCustomer **********
15/06/2023 09:45:20 PM: INFO: ************* Login successful **********
15/06/2023 09:45:20 PM: INFO: ******* Starting Add Customer Test **********
15/06/2023 09:45:23 PM: INFO: ************* Providing customer info **********
15/06/2023 09:45:39 PM: INFO: ************* Saving customer info, email: on98dqrz@gmail.com ************************
15/06/2023 09:45:39 PM: INFO: ********* Add customer validation started *****************
15/06/2023 09:45:39 PM: INFO: ********* Add customer Test Passed *********
15/06/2023 09:45:39 PM: INFO: ******* Ending Add customer test **********
15/06/2023 09:45:39 PM: INFO: ******* Searching the email: on98dqrz@gmail.com **********
15/06/2023 09:45:50 PM: INFO: ***************  Searching customer finished  *********** 
15/06/2023 09:45:58 PM: INFO: ********* Customer delete validation started *****************
15/06/2023 09:45:58 PM: INFO: ********* Add customer Test Passed *********
15/06/2023 09:45:58 PM: INFO: ******* Ending delete customer test **********
15/06/2023 09:50:00 PM: INFO: ************* Test_003_AddCustomer **********
15/06/2023 09:50:05 PM: INFO: ************* Login successful **********
15/06/2023 09:50:05 PM: INFO: ******* Starting Add Customer Test **********
15/06/2023 09:50:07 PM: INFO: ************* Providing customer info **********
15/06/2023 09:50:22 PM: INFO: ************* Saving customer info, email: n3cconby@gmail.com ************************
15/06/2023 09:50:22 PM: INFO: ********* Add customer validation started *****************
15/06/2023 09:50:23 PM: INFO: ********* Add customer Test Passed *********
15/06/2023 09:50:23 PM: INFO: ******* Ending Add customer test **********
15/06/2023 09:50:23 PM: INFO: ******* Searching the email: n3cconby@gmail.com **********
15/06/2023 09:50:34 PM: INFO: ***************  Searching customer finished  *********** 
15/06/2023 09:50:41 PM: INFO: ********* Customer delete validation started *****************
15/06/2023 09:50:41 PM: INFO: ********* Add customer Test Passed *********
15/06/2023 09:50:41 PM: INFO: ******* Ending delete customer test **********
16/06/2023 09:31:06 AM: INFO: ************** Test_001_Login ****************
16/06/2023 09:31:06 AM: INFO: ************** Verifying Home Page Title ****************
16/06/2023 09:31:07 AM: INFO: ************** Verifying Home Page Title - Passed ****************
16/06/2023 09:31:08 AM: INFO: ************** Verifying Login Test ****************
16/06/2023 09:31:11 AM: INFO: ************** Verifying Login Test - Passed ****************
16/06/2023 09:42:44 AM: INFO: ************** Test_002_DDT_Login ****************
16/06/2023 09:42:44 AM: INFO: ************** Verifying Login DDT ****************
16/06/2023 09:42:52 AM: INFO: *****Passed*****
16/06/2023 09:42:58 AM: INFO: *****Failed*****
16/06/2023 09:43:04 AM: INFO: *****Passed*****
16/06/2023 09:43:09 AM: INFO: *****Passed*****
16/06/2023 09:43:09 AM: INFO: **********Login DDT test Failed**********
16/06/2023 05:53:10 PM: INFO: ************** Test_002_DDT_Login ****************
16/06/2023 05:53:10 PM: INFO: ************** Verifying Login DDT ****************
16/06/2023 05:53:18 PM: INFO: *****Passed*****
16/06/2023 05:53:25 PM: INFO: *****Passed*****
16/06/2023 05:53:30 PM: INFO: *****Passed*****
16/06/2023 05:53:36 PM: INFO: *****Passed*****
16/06/2023 05:53:36 PM: INFO: **********Login DDT test Passed**********
16/06/2023 05:53:36 PM: INFO: **********End of Login DDT**********
16/06/2023 05:53:36 PM: INFO: **********Completed TC_LoginDDT_002**********
16/06/2023 05:54:10 PM: INFO: ************** Test_001_Login ****************
16/06/2023 05:54:10 PM: INFO: ************** Verifying Home Page Title ****************
16/06/2023 05:54:11 PM: INFO: ************** Verifying Home Page Title - Passed ****************
16/06/2023 05:54:12 PM: INFO: ************** Verifying Login Test ****************
16/06/2023 05:54:15 PM: INFO: ************** Verifying Login Test - Passed ****************
16/06/2023 05:54:59 PM: INFO: ************* SearchCustomerByEmail_004 **********
16/06/2023 05:55:01 PM: INFO: ************* Login succesful **********
16/06/2023 05:55:01 PM: INFO: ******* Starting Search Customer By Email **********
16/06/2023 05:55:02 PM: INFO: ************* searching customer by emailID **********
16/06/2023 06:09:38 PM: INFO: ************* SearchCustomerByEmail_004 **********
16/06/2023 06:09:43 PM: INFO: ************* Login succesful **********
16/06/2023 06:09:43 PM: INFO: ******* Starting Search Customer By Email **********
16/06/2023 06:09:44 PM: INFO: ************* searching customer by emailID **********
16/06/2023 06:14:23 PM: INFO: ************* SearchCustomerByEmail_004 **********
16/06/2023 06:14:27 PM: INFO: ************* Login succesful **********
16/06/2023 06:14:27 PM: INFO: ******* Starting Search Customer By Email **********
16/06/2023 06:14:29 PM: INFO: ************* searching customer by emailID **********
16/06/2023 06:16:22 PM: INFO: ************* SearchCustomerByEmail_004 **********
16/06/2023 06:16:26 PM: INFO: ************* Login succesful **********
16/06/2023 06:16:26 PM: INFO: ******* Starting Search Customer By Email **********
16/06/2023 06:16:27 PM: INFO: ************* searching customer by emailID **********
16/06/2023 06:16:34 PM: INFO: ***************  TC_SearchCustomerByEmail_004 Finished  *********** 
16/06/2023 06:28:16 PM: INFO: ************* SearchCustomerByEmail_004 **********
16/06/2023 06:28:20 PM: INFO: ************* Login succesful **********
16/06/2023 06:28:20 PM: INFO: ******* Starting Search Customer By Email **********
16/06/2023 06:28:22 PM: INFO: ************* searching customer by emailID **********
16/06/2023 06:28:28 PM: INFO: ***************  TC_SearchCustomerByEmail_004 Finished  *********** 
16/06/2023 06:34:52 PM: INFO: ************* SearchCustomerByEmail_004 **********
16/06/2023 06:34:56 PM: INFO: ************* Login succesful **********
16/06/2023 06:34:56 PM: INFO: ******* Starting Search Customer By Email **********
16/06/2023 06:34:57 PM: INFO: ************* searching customer by emailID **********
16/06/2023 06:35:04 PM: INFO: ***************  TC_SearchCustomerByEmail_004 Finished  *********** 
16/06/2023 06:45:29 PM: INFO: ************* SearchCustomerByEmail_004 **********
16/06/2023 06:45:34 PM: INFO: ************* Login succesful **********
16/06/2023 06:45:34 PM: INFO: ******* Starting Search Customer By Email **********
16/06/2023 06:45:35 PM: INFO: ************* searching customer by emailID **********
16/06/2023 06:45:41 PM: INFO: ***************  TC_SearchCustomerByEmail_004 Finished  *********** 
16/06/2023 06:46:51 PM: INFO: ************* SearchCustomerByEmail_004 **********
16/06/2023 06:46:54 PM: INFO: ************* Login succesful **********
16/06/2023 06:46:54 PM: INFO: ******* Starting Search Customer By Email **********
16/06/2023 06:46:55 PM: INFO: ************* searching customer by emailID **********
16/06/2023 06:47:01 PM: INFO: ***************  TC_SearchCustomerByEmail_004 Finished  *********** 
16/06/2023 06:54:07 PM: INFO: ************* SearchCustomerByEmail_004 **********
16/06/2023 06:54:11 PM: INFO: ************* Login succesful **********
16/06/2023 06:54:11 PM: INFO: ******* Starting Search Customer By Email **********
16/06/2023 06:54:13 PM: INFO: ************* Searching customer by emailID **********
16/06/2023 06:54:19 PM: INFO: ***************  TC_SearchCustomerByEmail_004 Finished  *********** 
16/06/2023 06:55:23 PM: INFO: ************* Test_003_AddCustomer **********
16/06/2023 06:55:26 PM: INFO: ************* Login successful **********
16/06/2023 06:55:26 PM: INFO: ******* Starting Add Customer Test **********
16/06/2023 06:55:28 PM: INFO: ************* Providing customer info **********
16/06/2023 06:55:44 PM: INFO: ************* Saving customer info, email: ztdiugw6@gmail.com ************************
16/06/2023 06:55:44 PM: INFO: ********* Add customer validation started *****************
16/06/2023 06:55:44 PM: INFO: ********* Add customer Test Passed *********
16/06/2023 06:55:44 PM: INFO: ******* Ending Add customer test **********
16/06/2023 06:55:44 PM: INFO: ******* Searching the email: ztdiugw6@gmail.com **********
16/06/2023 06:55:55 PM: INFO: ***************  Searching customer finished  *********** 
16/06/2023 06:56:03 PM: INFO: ********* Customer delete validation started *****************
16/06/2023 06:56:03 PM: INFO: ********* Add customer Test Passed *********
16/06/2023 06:56:03 PM: INFO: ******* Ending delete customer test **********
20/06/2023 12:13:09 PM: INFO: ************** Test_001_Login ****************
20/06/2023 12:13:09 PM: INFO: ************** Verifying Home Page Title ****************
20/06/2023 12:13:13 PM: INFO: ************** Verifying Home Page Title - Passed ****************
20/06/2023 12:13:14 PM: INFO: ************** Verifying Login Test ****************
20/06/2023 12:13:23 PM: INFO: ************** Verifying Login Test - Passed ****************
20/06/2023 12:40:34 PM: INFO: ************* Test_003_AddCustomer **********
20/06/2023 12:40:37 PM: INFO: ************* Login successful **********
20/06/2023 12:40:37 PM: INFO: ******* Starting Add Customer Test **********
20/06/2023 12:40:46 PM: INFO: ************* Providing customer info **********
20/06/2023 12:41:02 PM: INFO: ************* Saving customer info, email: nmxxentx@gmail.com ************************
20/06/2023 12:41:02 PM: INFO: ********* Add customer validation started *****************
20/06/2023 12:41:02 PM: INFO: ********* Add customer Test Passed *********
20/06/2023 12:41:02 PM: INFO: ******* Ending Add customer test **********
20/06/2023 12:41:02 PM: INFO: ******* Searching the email: nmxxentx@gmail.com **********
20/06/2023 12:41:56 PM: INFO: ************** Test_001_Login ****************
20/06/2023 12:41:56 PM: INFO: ************** Verifying Home Page Title ****************
20/06/2023 12:41:57 PM: INFO: ************** Verifying Home Page Title - Passed ****************
20/06/2023 12:41:58 PM: INFO: ************** Verifying Login Test ****************
20/06/2023 12:42:01 PM: INFO: ************** Verifying Login Test - Passed ****************
20/06/2023 12:42:46 PM: INFO: ************* Test_003_AddCustomer **********
20/06/2023 12:42:51 PM: INFO: ************* Login successful **********
20/06/2023 12:42:51 PM: INFO: ******* Starting Add Customer Test **********
20/06/2023 12:42:53 PM: INFO: ************* Providing customer info **********
20/06/2023 12:43:08 PM: INFO: ************* Saving customer info, email: 2ruo84vc@gmail.com ************************
20/06/2023 12:43:08 PM: INFO: ********* Add customer validation started *****************
20/06/2023 12:43:08 PM: INFO: ********* Add customer Test Passed *********
20/06/2023 12:43:08 PM: INFO: ******* Ending Add customer test **********
20/06/2023 12:43:08 PM: INFO: ******* Searching the email: 2ruo84vc@gmail.com **********
20/06/2023 12:43:20 PM: INFO: ***************  Searching customer finished  *********** 
20/06/2023 12:43:27 PM: INFO: ********* Customer delete validation started *****************
20/06/2023 12:43:27 PM: INFO: ********* Add customer Test Passed *********
20/06/2023 12:43:27 PM: INFO: ******* Ending delete customer test **********
20/06/2023 12:55:00 PM: INFO: ************* Test_003_AddCustomer **********
20/06/2023 12:55:08 PM: INFO: ************* Login successful **********
20/06/2023 12:55:08 PM: INFO: ******* Starting Add Customer Test **********
20/06/2023 12:55:10 PM: INFO: ************* Providing customer info **********
20/06/2023 12:55:25 PM: INFO: ************* Saving customer info, email: 8dtxlc0a@gmail.com ************************
20/06/2023 12:55:25 PM: INFO: ********* Add customer validation started *****************
20/06/2023 12:55:26 PM: INFO: ********* Add Customer Test Passed *********
20/06/2023 12:55:26 PM: INFO: ******* Ending Add Customer Test **********
20/06/2023 12:55:26 PM: INFO: ******* Searching the email: 8dtxlc0a@gmail.com **********
20/06/2023 12:55:37 PM: INFO: ***************  Searching Customer Finished  *********** 
20/06/2023 12:55:44 PM: INFO: ********* Customer delete validation started *****************
20/06/2023 12:55:45 PM: INFO: ********* Add Customer Test Passed *********
20/06/2023 12:55:45 PM: INFO: ******* Ending Delete Customer test **********
20/06/2023 12:57:33 PM: INFO: ************* Test_003_AddCustomer **********
20/06/2023 12:57:36 PM: INFO: ************* Login successful **********
20/06/2023 12:57:36 PM: INFO: ******* Starting Add Customer Test **********
20/06/2023 12:57:39 PM: INFO: ************* Providing customer info **********
20/06/2023 12:57:54 PM: INFO: ************* Saving customer info, email: r0dihrsj@gmail.com ************************
20/06/2023 12:57:54 PM: INFO: ********* Add customer validation started *****************
20/06/2023 12:57:54 PM: INFO: ********* Add Customer Test Passed *********
20/06/2023 12:57:54 PM: INFO: ******* Ending Add Customer Test **********
20/06/2023 12:57:54 PM: INFO: ******* Searching the email: r0dihrsj@gmail.com **********
20/06/2023 12:58:06 PM: INFO: ***************  Searching Customer Finished  *********** 
20/06/2023 12:58:13 PM: INFO: ********* Customer delete validation started *****************
20/06/2023 12:58:13 PM: INFO: ********* Add Customer Test Passed *********
20/06/2023 12:58:13 PM: INFO: ******* Ending Delete Customer test **********
20/06/2023 01:11:39 PM: INFO: ************* Test_003_AddCustomer **********
20/06/2023 01:11:44 PM: INFO: ************* Login successful **********
20/06/2023 01:11:44 PM: INFO: ******* Starting Add Customer Test **********
20/06/2023 01:11:46 PM: INFO: ************* Providing customer info **********
20/06/2023 01:12:01 PM: INFO: ************* Saving customer info, email: 0qddhjy9@gmail.com ************************
20/06/2023 01:12:01 PM: INFO: ********* Add customer validation started *****************
20/06/2023 01:12:01 PM: INFO: ********* Add Customer Test Passed *********
20/06/2023 01:12:01 PM: INFO: ******* Ending Add Customer Test **********
20/06/2023 01:12:01 PM: INFO: ******* Searching the email: 0qddhjy9@gmail.com **********
20/06/2023 01:15:18 PM: INFO: ************* Test_003_AddCustomer **********
20/06/2023 01:15:22 PM: INFO: ************* Login successful **********
20/06/2023 01:15:22 PM: INFO: ******* Starting Add Customer Test **********
20/06/2023 01:15:23 PM: INFO: ************* Providing customer info **********
20/06/2023 01:15:39 PM: INFO: ************* Saving customer info, email: geruhppv@gmail.com ************************
20/06/2023 01:15:39 PM: INFO: ********* Add customer validation started *****************
20/06/2023 01:15:39 PM: INFO: ********* Add Customer Test Passed *********
20/06/2023 01:15:39 PM: INFO: ******* Ending Add Customer Test **********
20/06/2023 01:15:39 PM: INFO: ******* Searching the email: geruhppv@gmail.com **********
20/06/2023 01:21:32 PM: INFO: ************* Test_003_AddCustomer **********
20/06/2023 01:21:36 PM: INFO: ************* Login successful **********
20/06/2023 01:21:36 PM: INFO: ******* Starting Add Customer Test **********
20/06/2023 01:21:38 PM: INFO: ************* Providing customer info **********
20/06/2023 01:21:53 PM: INFO: ************* Saving customer info, email: wk1e7uft@gmail.com ************************
20/06/2023 01:21:53 PM: INFO: ********* Add customer validation started *****************
20/06/2023 01:21:54 PM: INFO: ********* Add Customer Test Passed *********
20/06/2023 01:21:54 PM: INFO: ******* Ending Add Customer Test **********
20/06/2023 01:21:54 PM: INFO: ******* Searching the email: wk1e7uft@gmail.com **********
20/06/2023 01:23:24 PM: INFO: ************* Test_003_AddCustomer **********
20/06/2023 01:23:29 PM: INFO: ************* Login successful **********
20/06/2023 01:23:29 PM: INFO: ******* Starting Add Customer Test **********
20/06/2023 01:23:31 PM: INFO: ************* Providing customer info **********
20/06/2023 01:23:46 PM: INFO: ************* Saving customer info, email: 75o62n2c@gmail.com ************************
20/06/2023 01:23:46 PM: INFO: ********* Add customer validation started *****************
20/06/2023 01:23:47 PM: INFO: ********* Add Customer Test Passed *********
20/06/2023 01:23:47 PM: INFO: ******* Ending Add Customer Test **********
20/06/2023 01:23:47 PM: INFO: ******* Searching the email: 75o62n2c@gmail.com **********
20/06/2023 01:24:07 PM: INFO: ************* Test_003_AddCustomer **********
20/06/2023 01:24:11 PM: INFO: ************* Login successful **********
20/06/2023 01:24:11 PM: INFO: ******* Starting Add Customer Test **********
20/06/2023 01:24:13 PM: INFO: ************* Providing customer info **********
20/06/2023 01:24:29 PM: INFO: ************* Saving customer info, email: 7i5ws5uq@gmail.com ************************
20/06/2023 01:24:29 PM: INFO: ********* Add customer validation started *****************
20/06/2023 01:24:29 PM: INFO: ********* Add Customer Test Passed *********
20/06/2023 01:24:29 PM: INFO: ******* Ending Add Customer Test **********
20/06/2023 01:24:29 PM: INFO: ******* Searching the email: 7i5ws5uq@gmail.com **********
20/06/2023 01:24:32 PM: INFO: ***************  Searching Customer Finished  *********** 
20/06/2023 01:24:35 PM: INFO: ********* Customer delete validation started *****************
20/06/2023 01:24:35 PM: INFO: ********* Add Customer Test Passed *********
20/06/2023 01:24:35 PM: INFO: ******* Ending Delete Customer test **********
20/06/2023 01:26:24 PM: INFO: ************** Test_001_Login ****************
20/06/2023 01:26:24 PM: INFO: ************** Verifying Home Page Title ****************
20/06/2023 01:26:26 PM: INFO: ************** Verifying Home Page Title - Passed ****************
20/06/2023 01:26:27 PM: INFO: ************** Verifying Login Test ****************
20/06/2023 01:26:32 PM: ERROR: ************** Verifying Login Test - Failed ****************
20/06/2023 01:27:27 PM: INFO: ************* Test_003_AddCustomer **********
20/06/2023 01:27:32 PM: INFO: ************* Login successful **********
20/06/2023 01:27:32 PM: INFO: ******* Starting Add Customer Test **********
20/06/2023 01:27:34 PM: INFO: ************* Providing customer info **********
20/06/2023 01:27:50 PM: INFO: ************* Saving customer info, email: qdybsbh6@gmail.com ************************
20/06/2023 01:27:50 PM: INFO: ********* Add customer validation started *****************
20/06/2023 01:27:50 PM: INFO: ********* Add Customer Test Passed *********
20/06/2023 01:27:50 PM: INFO: ******* Ending Add Customer Test **********
20/06/2023 01:27:50 PM: INFO: ******* Searching the email: qdybsbh6@gmail.com **********
20/06/2023 01:27:53 PM: INFO: ***************  Searching Customer Finished  *********** 
20/06/2023 01:27:55 PM: INFO: ********* Customer delete validation started *****************
20/06/2023 01:27:56 PM: ERROR: ********* Delete customer Test Failed ************
20/06/2023 01:34:40 PM: INFO: ************** Test_001_Login ****************
20/06/2023 01:34:40 PM: INFO: ************** Verifying Home Page Title ****************
20/06/2023 01:34:43 PM: INFO: ************** Verifying Home Page Title - Passed ****************
20/06/2023 01:34:44 PM: INFO: ************** Verifying Login Test ****************
20/06/2023 01:34:49 PM: INFO: ************** Verifying Login Test - Passed ****************
20/06/2023 01:35:37 PM: INFO: ************** Verifying Login Test ****************
20/06/2023 01:35:41 PM: INFO: ************** Verifying Login Test - Passed ****************
20/06/2023 01:52:00 PM: INFO: ************** Test_001_Login ****************
20/06/2023 01:52:00 PM: INFO: ************** Verifying Home Page Title ****************
20/06/2023 01:52:02 PM: INFO: ************** Verifying Home Page Title - Passed ****************
20/06/2023 01:52:04 PM: INFO: ************** Verifying Login Test ****************
20/06/2023 01:52:07 PM: INFO: ************** Verifying Login Test - Passed ****************
20/06/2023 01:57:06 PM: INFO: ************** Test_001_Login ****************
20/06/2023 01:57:06 PM: INFO: ************** Verifying Home Page Title ****************
20/06/2023 01:57:08 PM: INFO: ************** Verifying Home Page Title - Passed ****************
20/06/2023 01:57:09 PM: INFO: ************** Verifying Login Test ****************
20/06/2023 01:57:13 PM: INFO: ************** Verifying Login Test - Passed ****************
20/06/2023 02:14:39 PM: INFO: ************** Test_001_Login ****************
20/06/2023 02:14:39 PM: INFO: ************** Verifying Home Page Title ****************
20/06/2023 02:14:40 PM: INFO: ************** Verifying Home Page Title - Passed ****************
20/06/2023 02:14:42 PM: INFO: ************** Verifying Login Test ****************
20/06/2023 02:14:45 PM: INFO: ************** Verifying Login Test - Passed ****************
20/06/2023 06:43:23 PM: INFO: ************* Test_003_AddCustomer **********
20/06/2023 06:43:26 PM: INFO: ************* Login successful **********
20/06/2023 06:43:26 PM: INFO: ******* Starting Add Customer Test **********
20/06/2023 06:43:29 PM: INFO: ************* Providing customer info **********
20/06/2023 06:43:44 PM: INFO: ************* Saving customer info, email: jm19fcyb@gmail.com ************************
20/06/2023 06:43:44 PM: INFO: ********* Add customer validation started *****************
20/06/2023 06:43:44 PM: INFO: ********* Add Customer Test Passed *********
20/06/2023 06:43:44 PM: INFO: ******* Ending Add Customer Test **********
20/06/2023 06:43:44 PM: INFO: ******* Searching the email: jm19fcyb@gmail.com **********
20/06/2023 06:43:48 PM: INFO: ***************  Searching Customer Finished  *********** 
20/06/2023 06:43:50 PM: INFO: ********* Customer delete validation started *****************
20/06/2023 06:43:50 PM: INFO: ********* Add Customer Test Passed *********
20/06/2023 06:43:50 PM: INFO: ******* Ending Delete Customer test **********
20/06/2023 06:43:51 PM: INFO: ************** Test_001_Login ****************
20/06/2023 06:43:51 PM: INFO: ************** Verifying Home Page Title ****************
20/06/2023 06:43:52 PM: INFO: ************** Verifying Home Page Title - Passed ****************
20/06/2023 06:43:53 PM: INFO: ************** Verifying Login Test ****************
20/06/2023 06:43:55 PM: INFO: ************** Verifying Login Test - Passed ****************
20/06/2023 06:43:57 PM: INFO: ************* SearchCustomerByEmail_004 **********
20/06/2023 06:44:00 PM: INFO: ************* Login succesful **********
20/06/2023 06:44:00 PM: INFO: ******* Starting Search Customer By Email **********
20/06/2023 06:44:00 PM: INFO: ************* Searching customer by emailID **********
20/06/2023 06:44:07 PM: INFO: ***************  TC_SearchCustomerByEmail_004 Finished  *********** 
20/06/2023 06:45:21 PM: INFO: ************* Test_003_AddCustomer **********
20/06/2023 06:45:24 PM: INFO: ************* Login successful **********
20/06/2023 06:45:24 PM: INFO: ******* Starting Add Customer Test **********
20/06/2023 06:45:27 PM: INFO: ************* Providing customer info **********
20/06/2023 06:45:42 PM: INFO: ************* Saving customer info, email: bnw9rxak@gmail.com ************************
20/06/2023 06:45:42 PM: INFO: ********* Add customer validation started *****************
20/06/2023 06:45:42 PM: INFO: ********* Add Customer Test Passed *********
20/06/2023 06:45:42 PM: INFO: ******* Ending Add Customer Test **********
20/06/2023 06:45:42 PM: INFO: ******* Searching the email: bnw9rxak@gmail.com **********
20/06/2023 06:45:45 PM: INFO: ***************  Searching Customer Finished  *********** 
20/06/2023 06:45:48 PM: INFO: ********* Customer delete validation started *****************
20/06/2023 06:45:48 PM: INFO: ********* Add Customer Test Passed *********
20/06/2023 06:45:48 PM: INFO: ******* Ending Delete Customer test **********
20/06/2023 06:45:50 PM: INFO: ************** Test_001_Login ****************
20/06/2023 06:45:50 PM: INFO: ************** Verifying Home Page Title ****************
20/06/2023 06:45:58 PM: INFO: ************** Verifying Home Page Title - Passed ****************
20/06/2023 06:45:59 PM: INFO: ************** Verifying Login Test ****************
20/06/2023 06:46:02 PM: INFO: ************** Verifying Login Test - Passed ****************
21/06/2023 10:54:21 AM: INFO: ************* Test_003_AddCustomer **********
21/06/2023 10:54:25 AM: INFO: ************* Login successful **********
21/06/2023 10:54:25 AM: INFO: ******* Starting Add Customer Test **********
21/06/2023 10:54:30 AM: INFO: ************* Providing customer info **********
21/06/2023 10:54:45 AM: INFO: ************* Saving customer info, email: lhmgj6s4@gmail.com ************************
21/06/2023 10:54:45 AM: INFO: ********* Add customer validation started *****************
21/06/2023 10:54:46 AM: INFO: ********* Add Customer Test Passed *********
21/06/2023 10:54:46 AM: INFO: ******* Ending Add Customer Test **********
21/06/2023 10:54:46 AM: INFO: ******* Searching the email: lhmgj6s4@gmail.com **********
21/06/2023 10:54:49 AM: INFO: ***************  Searching Customer Finished  *********** 
21/06/2023 10:54:51 AM: INFO: ********* Customer delete validation started *****************
21/06/2023 10:54:51 AM: INFO: ********* Add Customer Test Passed *********
21/06/2023 10:54:51 AM: INFO: ******* Ending Delete Customer test **********
21/06/2023 10:54:52 AM: INFO: ************** Test_001_Login ****************
21/06/2023 10:54:52 AM: INFO: ************** Verifying Home Page Title ****************
21/06/2023 10:54:54 AM: INFO: ************** Verifying Home Page Title - Passed ****************
21/06/2023 10:54:55 AM: INFO: ************** Verifying Login Test ****************
21/06/2023 10:54:57 AM: INFO: ************** Verifying Login Test - Passed ****************
21/06/2023 11:11:24 AM: INFO: ************* Test_003_AddCustomer **********
21/06/2023 11:11:28 AM: INFO: ************* Login successful **********
21/06/2023 11:11:28 AM: INFO: ******* Starting Add Customer Test **********
21/06/2023 11:11:30 AM: INFO: ************* Providing customer info **********
21/06/2023 11:11:45 AM: INFO: ************* Saving customer info, email: 1jy83zuc@gmail.com ************************
21/06/2023 11:11:45 AM: INFO: ********* Add customer validation started *****************
21/06/2023 11:11:46 AM: INFO: ********* Add Customer Test Passed *********
21/06/2023 11:11:46 AM: INFO: ******* Ending Add Customer Test **********
21/06/2023 11:11:46 AM: INFO: ******* Searching the email: 1jy83zuc@gmail.com **********
21/06/2023 11:11:49 AM: INFO: ***************  Searching Customer Finished  *********** 
21/06/2023 11:11:51 AM: INFO: ********* Customer delete validation started *****************
21/06/2023 11:11:51 AM: INFO: ********* Add Customer Test Passed *********
21/06/2023 11:11:51 AM: INFO: ******* Ending Delete Customer test **********
21/06/2023 11:11:52 AM: INFO: ************** Test_001_Login ****************
21/06/2023 11:11:52 AM: INFO: ************** Verifying Home Page Title ****************
21/06/2023 11:11:53 AM: INFO: ************** Verifying Home Page Title - Passed ****************
21/06/2023 11:11:55 AM: INFO: ************** Verifying Login Test ****************
21/06/2023 11:11:57 AM: INFO: ************** Verifying Login Test - Passed ****************
21/06/2023 11:16:28 AM: INFO: ************* Test_003_AddCustomer **********
21/06/2023 11:16:32 AM: INFO: ************* Login successful **********
21/06/2023 11:16:32 AM: INFO: ******* Starting Add Customer Test **********
21/06/2023 11:16:34 AM: INFO: ************* Providing customer info **********
21/06/2023 11:16:50 AM: INFO: ************* Saving customer info, email: l0kpc40m@gmail.com ************************
21/06/2023 11:16:50 AM: INFO: ********* Add customer validation started *****************
21/06/2023 11:16:50 AM: INFO: ********* Add Customer Test Passed *********
21/06/2023 11:16:50 AM: INFO: ******* Ending Add Customer Test **********
21/06/2023 11:16:50 AM: INFO: ******* Searching the email: l0kpc40m@gmail.com **********
21/06/2023 11:16:53 AM: INFO: ***************  Searching Customer Finished  *********** 
21/06/2023 11:16:55 AM: INFO: ********* Customer delete validation started *****************
21/06/2023 11:16:56 AM: INFO: ********* Add Customer Test Passed *********
21/06/2023 11:16:56 AM: INFO: ******* Ending Delete Customer test **********
21/06/2023 11:16:57 AM: INFO: ************** Test_001_Login ****************
21/06/2023 11:16:57 AM: INFO: ************** Verifying Home Page Title ****************
21/06/2023 11:16:59 AM: INFO: ************** Verifying Home Page Title - Passed ****************
21/06/2023 11:17:00 AM: INFO: ************** Verifying Login Test ****************
21/06/2023 11:17:03 AM: INFO: ************** Verifying Login Test - Passed ****************
21/06/2023 11:17:33 AM: INFO: ************* Test_003_AddCustomer **********
21/06/2023 11:17:37 AM: INFO: ************* Login successful **********
21/06/2023 11:17:37 AM: INFO: ******* Starting Add Customer Test **********
21/06/2023 11:17:39 AM: INFO: ************* Providing customer info **********
21/06/2023 11:17:55 AM: INFO: ************* Saving customer info, email: ac3yjlh4@gmail.com ************************
21/06/2023 11:17:55 AM: INFO: ********* Add customer validation started *****************
21/06/2023 11:17:55 AM: INFO: ********* Add Customer Test Passed *********
21/06/2023 11:17:55 AM: INFO: ******* Ending Add Customer Test **********
21/06/2023 11:17:55 AM: INFO: ******* Searching the email: ac3yjlh4@gmail.com **********
21/06/2023 11:17:58 AM: INFO: ***************  Searching Customer Finished  *********** 
21/06/2023 11:18:00 AM: INFO: ********* Customer delete validation started *****************
21/06/2023 11:18:00 AM: INFO: ********* Add Customer Test Passed *********
21/06/2023 11:18:00 AM: INFO: ******* Ending Delete Customer test **********
21/06/2023 11:18:02 AM: INFO: ************** Test_001_Login ****************
21/06/2023 11:18:02 AM: INFO: ************** Verifying Home Page Title ****************
21/06/2023 11:18:03 AM: INFO: ************** Verifying Home Page Title - Passed ****************
21/06/2023 11:18:05 AM: INFO: ************** Verifying Login Test ****************
21/06/2023 11:18:08 AM: INFO: ************** Verifying Login Test - Passed ****************
21/06/2023 11:22:19 AM: INFO: ************* Test_003_AddCustomer **********
21/06/2023 11:22:24 AM: INFO: ************* Login successful **********
21/06/2023 11:22:24 AM: INFO: ******* Starting Add Customer Test **********
21/06/2023 11:22:26 AM: INFO: ************* Providing customer info **********
21/06/2023 11:22:41 AM: INFO: ************* Saving customer info, email: qdu2ibua@gmail.com ************************
21/06/2023 11:22:41 AM: INFO: ********* Add customer validation started *****************
21/06/2023 11:22:41 AM: INFO: ********* Add Customer Test Passed *********
21/06/2023 11:22:41 AM: INFO: ******* Ending Add Customer Test **********
21/06/2023 11:22:41 AM: INFO: ******* Searching the email: qdu2ibua@gmail.com **********
21/06/2023 11:22:45 AM: INFO: ***************  Searching Customer Finished  *********** 
21/06/2023 11:22:47 AM: INFO: ********* Customer delete validation started *****************
21/06/2023 11:22:47 AM: INFO: ********* Add Customer Test Passed *********
21/06/2023 11:22:47 AM: INFO: ******* Ending Delete Customer test **********
21/06/2023 11:22:48 AM: INFO: ************** Test_001_Login ****************
21/06/2023 11:22:48 AM: INFO: ************** Verifying Home Page Title ****************
21/06/2023 11:22:49 AM: INFO: ************** Verifying Home Page Title - Passed ****************
21/06/2023 11:22:50 AM: INFO: ************** Verifying Login Test ****************
21/06/2023 11:22:52 AM: INFO: ************** Verifying Login Test - Passed ****************
21/06/2023 11:23:41 AM: INFO: ************* Test_003_AddCustomer **********
21/06/2023 11:23:43 AM: INFO: ************* Login successful **********
21/06/2023 11:23:43 AM: INFO: ******* Starting Add Customer Test **********
21/06/2023 11:23:45 AM: INFO: ************* Providing customer info **********
21/06/2023 11:24:01 AM: INFO: ************* Saving customer info, email: 1yt4kfu6@gmail.com ************************
21/06/2023 11:24:01 AM: INFO: ********* Add customer validation started *****************
21/06/2023 11:24:01 AM: INFO: ********* Add Customer Test Passed *********
21/06/2023 11:24:01 AM: INFO: ******* Ending Add Customer Test **********
21/06/2023 11:24:01 AM: INFO: ******* Searching the email: 1yt4kfu6@gmail.com **********
21/06/2023 11:24:04 AM: INFO: ***************  Searching Customer Finished  *********** 
21/06/2023 11:24:06 AM: INFO: ********* Customer delete validation started *****************
21/06/2023 11:24:06 AM: INFO: ********* Add Customer Test Passed *********
21/06/2023 11:24:07 AM: INFO: ******* Ending Delete Customer test **********
21/06/2023 11:24:08 AM: INFO: ************** Test_001_Login ****************
21/06/2023 11:24:08 AM: INFO: ************** Verifying Home Page Title ****************
21/06/2023 11:24:09 AM: INFO: ************** Verifying Home Page Title - Passed ****************
21/06/2023 11:24:11 AM: INFO: ************** Verifying Login Test ****************
21/06/2023 11:24:13 AM: INFO: ************** Verifying Login Test - Passed ****************
